{"numTotalTestSuites":23,"numPassedTestSuites":23,"numFailedTestSuites":0,"numPendingTestSuites":0,"numTotalTests":44,"numPassedTests":44,"numFailedTests":0,"numPendingTests":0,"numTodoTests":0,"snapshot":{"added":0,"failure":false,"filesAdded":0,"filesRemoved":0,"filesRemovedList":[],"filesUnmatched":0,"filesUpdated":0,"matched":0,"total":0,"unchecked":0,"uncheckedKeysByFile":[],"unmatched":0,"updated":0,"didUpdate":false},"startTime":1771381313047,"success":true,"testResults":[{"assertionResults":[{"ancestorTitles":["Chaos: Failure Scenarios"],"fullName":"Chaos: Failure Scenarios C01: thrown error mid-transaction causes full rollback — no partial state","status":"passed","title":"C01: thrown error mid-transaction causes full rollback — no partial state","duration":22.659959000000015,"failureMessages":[],"meta":{}},{"ancestorTitles":["Chaos: Failure Scenarios"],"fullName":"Chaos: Failure Scenarios C02: delayed webhook reprocessing handled by idempotency","status":"passed","title":"C02: delayed webhook reprocessing handled by idempotency","duration":7.283708000000047,"failureMessages":[],"meta":{}},{"ancestorTitles":["Chaos: Failure Scenarios"],"fullName":"Chaos: Failure Scenarios C03: simulated settlement crash leaves no partial state","status":"passed","title":"C03: simulated settlement crash leaves no partial state","duration":4.722459000000015,"failureMessages":[],"meta":{}},{"ancestorTitles":["Chaos: Failure Scenarios"],"fullName":"Chaos: Failure Scenarios C05: ledger always balanced — sum(debits) === sum(credits) per tenant","status":"passed","title":"C05: ledger always balanced — sum(debits) === sum(credits) per tenant","duration":0.724207999999976,"failureMessages":[],"meta":{}}],"startTime":1771381313542,"endTime":1771381313577.724,"status":"passed","message":"","name":"/Users/emilianozapata/Developer/conecti/conectia/backend/tests/chaos/failure-scenarios.test.ts"},{"assertionResults":[{"ancestorTitles":["Benchmark: Ledger Performance"],"fullName":"Benchmark: Ledger Performance BENCH-1: 1000 concurrent tx same tenant — p95 < 500ms, hash chain intact","status":"passed","title":"BENCH-1: 1000 concurrent tx same tenant — p95 < 500ms, hash chain intact","duration":881.3503750000001,"failureMessages":[],"meta":{}},{"ancestorTitles":["Benchmark: Ledger Performance"],"fullName":"Benchmark: Ledger Performance BENCH-2: 1000 concurrent tx across 10 tenants — p95 < 300ms","status":"passed","title":"BENCH-2: 1000 concurrent tx across 10 tenants — p95 < 300ms","duration":458.82516699999996,"failureMessages":[],"meta":{}}],"startTime":1771381313375,"endTime":1771381314714.8252,"status":"passed","message":"","name":"/Users/emilianozapata/Developer/conecti/conectia/backend/tests/benchmark/ledger-benchmark.test.ts"},{"assertionResults":[{"ancestorTitles":["P01: Double-entry balance invariant"],"fullName":"P01: Double-entry balance invariant for any balanced line set, debitSum === creditSum after validation","status":"passed","title":"for any balanced line set, debitSum === creditSum after validation","duration":5.815124999999995,"failureMessages":[],"meta":{}},{"ancestorTitles":["P02: Hash determinism"],"fullName":"P02: Hash determinism SHA-256 of identical inputs produces identical output","status":"passed","title":"SHA-256 of identical inputs produces identical output","duration":4.218000000000018,"failureMessages":[],"meta":{}},{"ancestorTitles":["P03: Money precision — BIGINT round-trip"],"fullName":"P03: Money precision — BIGINT round-trip any positive bigint survives string serialization","status":"passed","title":"any positive bigint survives string serialization","duration":6.125957999999997,"failureMessages":[],"meta":{}},{"ancestorTitles":["P03: Money precision — BIGINT round-trip"],"fullName":"P03: Money precision — BIGINT round-trip any positive bigint as number string survives Zod transform","status":"passed","title":"any positive bigint as number string survives Zod transform","duration":1.3995419999999967,"failureMessages":[],"meta":{}},{"ancestorTitles":["P04: Imbalance detection completeness"],"fullName":"P04: Imbalance detection completeness any imbalanced set is always rejected","status":"passed","title":"any imbalanced set is always rejected","duration":6.178625000000011,"failureMessages":[],"meta":{}},{"ancestorTitles":["P05: Schema completeness for valid inputs"],"fullName":"P05: Schema completeness for valid inputs any well-formed input parses successfully","status":"passed","title":"any well-formed input parses successfully","duration":9.403124999999989,"failureMessages":[],"meta":{}},{"ancestorTitles":["P06: Trust boundary — tenantId stripped from body"],"fullName":"P06: Trust boundary — tenantId stripped from body tenantId is never present in parsed output regardless of input","status":"passed","title":"tenantId is never present in parsed output regardless of input","duration":1.4635000000000105,"failureMessages":[],"meta":{}}],"startTime":1771381313306,"endTime":1771381313341.4634,"status":"passed","message":"","name":"/Users/emilianozapata/Developer/conecti/conectia/backend/tests/property/ledger-invariants.test.ts"},{"assertionResults":[{"ancestorTitles":["Storm: Webhook Duplicate Delivery"],"fullName":"Storm: Webhook Duplicate Delivery STORM-1: 500 duplicate deliveries → exactly 1 transaction created","status":"passed","title":"STORM-1: 500 duplicate deliveries → exactly 1 transaction created","duration":296.267125,"failureMessages":[],"meta":{}},{"ancestorTitles":["Storm: Webhook Duplicate Delivery"],"fullName":"Storm: Webhook Duplicate Delivery STORM-2: 50 unique webhooks × 10 duplicates each → 50 transactions","status":"passed","title":"STORM-2: 50 unique webhooks × 10 duplicates each → 50 transactions","duration":138.48087499999997,"failureMessages":[],"meta":{}}],"startTime":1771381313333,"endTime":1771381313768.481,"status":"passed","message":"","name":"/Users/emilianozapata/Developer/conecti/conectia/backend/tests/storm/webhook-storm.test.ts"},{"assertionResults":[{"ancestorTitles":["Integration: RLS Isolation"],"fullName":"Integration: RLS Isolation I01: tenant A data is invisible in tenant B context","status":"passed","title":"I01: tenant A data is invisible in tenant B context","duration":7.216625000000022,"failureMessages":[],"meta":{}},{"ancestorTitles":["Integration: RLS Isolation"],"fullName":"Integration: RLS Isolation I02: SET LOCAL reverts after transaction ends (no GUC leakage)","status":"passed","title":"I02: SET LOCAL reverts after transaction ends (no GUC leakage)","duration":7.227833999999973,"failureMessages":[],"meta":{}},{"ancestorTitles":["Integration: RLS Isolation"],"fullName":"Integration: RLS Isolation I03: duplicate idempotencyKey returns existing transaction","status":"passed","title":"I03: duplicate idempotencyKey returns existing transaction","duration":141.94275,"failureMessages":[],"meta":{}},{"ancestorTitles":["Integration: RLS Isolation"],"fullName":"Integration: RLS Isolation I04: DB rejects imbalanced entries via deferred trigger","status":"passed","title":"I04: DB rejects imbalanced entries via deferred trigger","duration":28.264542000000006,"failureMessages":[],"meta":{}},{"ancestorTitles":["Integration: RLS Isolation"],"fullName":"Integration: RLS Isolation I05: tenant_ledger_state.currentHash updated after posting","status":"passed","title":"I05: tenant_ledger_state.currentHash updated after posting","duration":1.1675000000000182,"failureMessages":[],"meta":{}},{"ancestorTitles":["Integration: RLS Isolation"],"fullName":"Integration: RLS Isolation I06: tx_count is non-negative and consistent","status":"passed","title":"I06: tx_count is non-negative and consistent","duration":7.093332999999973,"failureMessages":[],"meta":{}}],"startTime":1771381313366,"endTime":1771381313559.0933,"status":"passed","message":"","name":"/Users/emilianozapata/Developer/conecti/conectia/backend/tests/integration/rls-isolation.test.ts"},{"assertionResults":[{"ancestorTitles":["postTransactionSchema — Trust Boundary"],"fullName":"postTransactionSchema — Trust Boundary U01: strips tenantId if present in body (not accepted from client)","status":"passed","title":"U01: strips tenantId if present in body (not accepted from client)","duration":3.7371669999999995,"failureMessages":[],"meta":{}},{"ancestorTitles":["postTransactionSchema — Field Validation"],"fullName":"postTransactionSchema — Field Validation U02: accepts all valid fields","status":"passed","title":"U02: accepts all valid fields","duration":2.944625000000002,"failureMessages":[],"meta":{}},{"ancestorTitles":["postTransactionSchema — Field Validation"],"fullName":"postTransactionSchema — Field Validation U03: rejects empty description","status":"passed","title":"U03: rejects empty description","duration":1.0446669999999756,"failureMessages":[],"meta":{}},{"ancestorTitles":["postTransactionSchema — Field Validation"],"fullName":"postTransactionSchema — Field Validation U04: rejects invalid UUID in idempotencyKey","status":"passed","title":"U04: rejects invalid UUID in idempotencyKey","duration":0.34312499999998636,"failureMessages":[],"meta":{}},{"ancestorTitles":["postTransactionSchema — Field Validation"],"fullName":"postTransactionSchema — Field Validation U05: rejects lines array with < 2 entries","status":"passed","title":"U05: rejects lines array with < 2 entries","duration":0.26045799999999986,"failureMessages":[],"meta":{}},{"ancestorTitles":["postTransactionSchema — Field Validation"],"fullName":"postTransactionSchema — Field Validation rejects invalid transactionType","status":"passed","title":"rejects invalid transactionType","duration":0.3051670000000115,"failureMessages":[],"meta":{}},{"ancestorTitles":["postTransactionSchema — Field Validation"],"fullName":"postTransactionSchema — Field Validation rejects missing required fields","status":"passed","title":"rejects missing required fields","duration":0.29504199999999514,"failureMessages":[],"meta":{}},{"ancestorTitles":["postTransactionSchema — Field Validation"],"fullName":"postTransactionSchema — Field Validation validates effectiveDate as ISO date string","status":"passed","title":"validates effectiveDate as ISO date string","duration":0.1932910000000163,"failureMessages":[],"meta":{}},{"ancestorTitles":["postTransactionSchema — Field Validation"],"fullName":"postTransactionSchema — Field Validation validates effectiveDate as YYYY-MM-DD","status":"passed","title":"validates effectiveDate as YYYY-MM-DD","duration":0.1561670000000106,"failureMessages":[],"meta":{}},{"ancestorTitles":["Pre-flight Validation — Domain Errors"],"fullName":"Pre-flight Validation — Domain Errors U06: imbalance (debit != credit) throws LedgerImbalanceError","status":"passed","title":"U06: imbalance (debit != credit) throws LedgerImbalanceError","duration":0.30945800000000645,"failureMessages":[],"meta":{}},{"ancestorTitles":["Pre-flight Validation — Domain Errors"],"fullName":"Pre-flight Validation — Domain Errors U07: empty lines throws EmptyTransactionError","status":"passed","title":"U07: empty lines throws EmptyTransactionError","duration":0.2323329999999828,"failureMessages":[],"meta":{}},{"ancestorTitles":["Pre-flight Validation — Domain Errors"],"fullName":"Pre-flight Validation — Domain Errors U08: zero amount throws InvalidAmountError","status":"passed","title":"U08: zero amount throws InvalidAmountError","duration":0.15758300000001668,"failureMessages":[],"meta":{}},{"ancestorTitles":["Pre-flight Validation — Domain Errors"],"fullName":"Pre-flight Validation — Domain Errors U08b: negative amount throws InvalidAmountError","status":"passed","title":"U08b: negative amount throws InvalidAmountError","duration":0.10120900000001143,"failureMessages":[],"meta":{}},{"ancestorTitles":["Pre-flight Validation — Domain Errors"],"fullName":"Pre-flight Validation — Domain Errors balanced transaction does not throw","status":"passed","title":"balanced transaction does not throw","duration":0.5027090000000101,"failureMessages":[],"meta":{}},{"ancestorTitles":["Pre-flight Validation — Domain Errors"],"fullName":"Pre-flight Validation — Domain Errors multi-line balanced transaction does not throw","status":"passed","title":"multi-line balanced transaction does not throw","duration":0.14858300000000213,"failureMessages":[],"meta":{}},{"ancestorTitles":["Correlation Middleware"],"fullName":"Correlation Middleware U09: generates UUID when no X-Correlation-Id header","status":"passed","title":"U09: generates UUID when no X-Correlation-Id header","duration":0.6205830000000105,"failureMessages":[],"meta":{}},{"ancestorTitles":["Correlation Middleware"],"fullName":"Correlation Middleware U10: uses X-Correlation-Id header when present","status":"passed","title":"U10: uses X-Correlation-Id header when present","duration":0.05391700000001265,"failureMessages":[],"meta":{}},{"ancestorTitles":["Correlation Middleware"],"fullName":"Correlation Middleware U11: sets X-Correlation-Id response header","status":"passed","title":"U11: sets X-Correlation-Id response header","duration":0.040000000000020464,"failureMessages":[],"meta":{}},{"ancestorTitles":["getAccountBalanceParamsSchema"],"fullName":"getAccountBalanceParamsSchema accepts valid UUID","status":"passed","title":"accepts valid UUID","duration":0.0655829999999753,"failureMessages":[],"meta":{}},{"ancestorTitles":["getAccountBalanceParamsSchema"],"fullName":"getAccountBalanceParamsSchema rejects invalid UUID","status":"passed","title":"rejects invalid UUID","duration":0.06904200000002447,"failureMessages":[],"meta":{}}],"startTime":1771381313229,"endTime":1771381313249.6206,"status":"passed","message":"","name":"/Users/emilianozapata/Developer/conecti/conectia/backend/tests/unit/ledger-domain.test.ts"},{"assertionResults":[{"ancestorTitles":["Stress: Concurrent Transactions"],"fullName":"Stress: Concurrent Transactions S01: 100 concurrent transactions on same tenant — all succeed, hash chain intact","status":"passed","title":"S01: 100 concurrent transactions on same tenant — all succeed, hash chain intact","duration":448.05179200000003,"failureMessages":[],"meta":{}},{"ancestorTitles":["Stress: Concurrent Transactions"],"fullName":"Stress: Concurrent Transactions S03: 10 concurrent transactions across different tenants succeed independently","status":"passed","title":"S03: 10 concurrent transactions across different tenants succeed independently","duration":12.76825000000008,"failureMessages":[],"meta":{}},{"ancestorTitles":["Stress: Concurrent Transactions"],"fullName":"Stress: Concurrent Transactions S04: 1000 random imbalanced line sets are always rejected","status":"passed","title":"S04: 1000 random imbalanced line sets are always rejected","duration":5.960791000000086,"failureMessages":[],"meta":{}}],"startTime":1771381313333,"endTime":1771381313799.9607,"status":"passed","message":"","name":"/Users/emilianozapata/Developer/conecti/conectia/backend/tests/stress/concurrent-transactions.test.ts"}]}